<?xml version="1.0" encoding="UTF-8"?>
<!-- Generated by org.testng.reporters.JUnitReportReporter -->
<testsuite hostname="FissionLabs-PC" name="com.linkedin.test.linkedinSearch" tests="1" failures="0" timestamp="31 Aug 2017 11:41:34 GMT" time="55.301" errors="0">
  <testcase name="login" time="55.301" classname="com.linkedin.test.linkedinSearch"/>
</testsuite> <!-- com.linkedin.test.linkedinSearch -->
